{"level":"error","message":"log error in serve file","service":"user-service","timestamp":"2022-10-29T20:10:16.895Z"}
{"level":"warn","message":"log warn in serve file","service":"user-service","timestamp":"2022-10-29T20:10:16.922Z"}
{"level":"info","message":"log info in serve file","service":"user-service","timestamp":"2022-10-29T20:10:17.019Z"}
{"level":"error","message":"log error in serve file","service":"user-service","timestamp":"2022-10-29T20:11:22.864Z"}
{"level":"warn","message":"log warn in serve file","service":"user-service","timestamp":"2022-10-29T20:11:22.874Z"}
{"level":"info","message":"log info in serve file","service":"user-service","timestamp":"2022-10-29T20:11:22.885Z"}
{"level":"error","message":"log error in serve file","service":"user-service","timestamp":"2022-10-29T20:11:27.395Z"}
{"level":"warn","message":"log warn in serve file","service":"user-service","timestamp":"2022-10-29T20:11:27.418Z"}
{"level":"info","message":"log info in serve file","service":"user-service","timestamp":"2022-10-29T20:11:27.456Z"}
{"level":"error","message":"log error in serve file","service":"user-service","timestamp":"2022-10-29T20:11:56.954Z"}
{"level":"warn","message":"log warn in serve file","service":"user-service","timestamp":"2022-10-29T20:11:56.962Z"}
{"level":"info","message":"log info in serve file","service":"user-service","timestamp":"2022-10-29T20:11:56.973Z"}
{"level":"error","message":"log errorasdsa in serve file","service":"user-service","timestamp":"2022-10-29T20:12:10.734Z"}
{"level":"warn","message":"log warn in serve file","service":"user-service","timestamp":"2022-10-29T20:12:10.742Z"}
{"level":"info","message":"log info in serve file","service":"user-service","timestamp":"2022-10-29T20:12:10.755Z"}
{"level":"error","message":"log errorasdsa in serve file","service":"user-service","timestamp":"2022-10-29T20:12:18.290Z"}
{"level":"warn","message":"log warn in serve file","service":"user-service","timestamp":"2022-10-29T20:12:18.300Z"}
{"level":"info","message":"log info in serve file","service":"user-service","timestamp":"2022-10-29T20:12:18.309Z"}
{"level":"error","message":"log errorasdsa in serve file","service":"user-service","timestamp":"2022-10-29T20:12:32.790Z"}
{"level":"warn","message":"log warn in dsaasdserve file","service":"user-service","timestamp":"2022-10-29T20:12:32.797Z"}
{"level":"info","message":"log info in serve file","service":"user-service","timestamp":"2022-10-29T20:12:32.810Z"}
{"level":"error","message":"log errorasdsa in serve file","service":"user-service","timestamp":"2022-10-29T20:13:04.917Z"}
{"level":"warn","message":"log warn in dsaasdserve file","service":"user-service","timestamp":"2022-10-29T20:13:04.924Z"}
{"level":"info","message":"log info in serve file","service":"user-service","timestamp":"2022-10-29T20:13:04.935Z"}
{"level":"error","message":"log errorasdsa in serve file","service":"user-service","timestamp":"2022-10-29T20:14:21.713Z"}
{"level":"warn","message":"log warn in dsaasdserve file","service":"user-service","timestamp":"2022-10-29T20:14:21.719Z"}
{"level":"info","message":"log info in serve file","service":"user-service","timestamp":"2022-10-29T20:14:21.728Z"}
{"level":"error","message":"log errorasdsa in serve file","service":"user-service","timestamp":"2022-10-29T20:14:40.657Z"}
{"level":"warn","message":"log warn in dsaasdserve file","service":"user-service","timestamp":"2022-10-29T20:14:40.663Z"}
{"level":"info","message":"log info in serve file","service":"user-service","timestamp":"2022-10-29T20:14:40.674Z"}
{"level":"error","message":"log aserrorasdsa in serve file","service":"user-service","timestamp":"2022-10-29T20:14:50.108Z"}
{"level":"warn","message":"log warn in dsaasdserve file","service":"user-service","timestamp":"2022-10-29T20:14:50.116Z"}
{"level":"info","message":"log info in serve file","service":"user-service","timestamp":"2022-10-29T20:14:50.127Z"}
